2017-03-29_13:00:28.837 [main] INFO  com.micropole.mpeople.MainLauncher - Starting MainLauncher on MacBook-Pro-de-Benoit.local with PID 27088 (/Users/lfranceschini/IdeaProjects/MPeople/target/classes started by lfranceschini in /Users/lfranceschini/IdeaProjects/MPeople)
2017-03-29_13:00:28.839 [main] INFO  com.micropole.mpeople.MainLauncher - No active profile set, falling back to default profiles: default
2017-03-29_13:00:43.473 [main] INFO  com.micropole.mpeople.MainLauncher - Started MainLauncher in 15.291 seconds (JVM running for 20.338)
2017-03-29_18:25:16.547 [main] INFO  com.micropole.mpeople.MainLauncher - Starting MainLauncher on MacBook-Pro-de-Benoit.local with PID 27461 (/Users/lfranceschini/IdeaProjects/MPeople/target/classes started by lfranceschini in /Users/lfranceschini/IdeaProjects/MPeople)
2017-03-29_18:25:16.549 [main] INFO  com.micropole.mpeople.MainLauncher - No active profile set, falling back to default profiles: default
2017-03-29_18:26:31.762 [main] INFO  com.micropole.mpeople.MainLauncher - Starting MainLauncher on MacBook-Pro-de-Benoit.local with PID 27476 (/Users/lfranceschini/IdeaProjects/MPeople/target/classes started by lfranceschini in /Users/lfranceschini/IdeaProjects/MPeople)
2017-03-29_18:26:31.766 [main] INFO  com.micropole.mpeople.MainLauncher - No active profile set, falling back to default profiles: default
2017-03-29_18:31:47.007 [main] INFO  com.micropole.mpeople.MainLauncher - Starting MainLauncher on MacBook-Pro-de-Benoit.local with PID 27520 (/Users/lfranceschini/IdeaProjects/MPeople/target/classes started by lfranceschini in /Users/lfranceschini/IdeaProjects/MPeople)
2017-03-29_18:31:47.012 [main] INFO  com.micropole.mpeople.MainLauncher - No active profile set, falling back to default profiles: default
2017-03-29_18:31:54.556 [main] INFO  com.micropole.mpeople.MainLauncher - Started MainLauncher in 8.119 seconds (JVM running for 11.709)
2017-03-29_18:41:02.370 [main] INFO  com.micropole.mpeople.MainLauncher - Starting MainLauncher on MacBook-Pro-de-Benoit.local with PID 27559 (/Users/lfranceschini/IdeaProjects/MPeople/target/classes started by lfranceschini in /Users/lfranceschini/IdeaProjects/MPeople)
2017-03-29_18:41:02.374 [main] INFO  com.micropole.mpeople.MainLauncher - No active profile set, falling back to default profiles: default
2017-03-29_18:41:09.811 [main] INFO  com.micropole.mpeople.MainLauncher - Started MainLauncher in 7.876 seconds (JVM running for 12.531)
2017-03-29_18:42:28.413 [main] INFO  com.micropole.mpeople.MainLauncher - Starting MainLauncher on MacBook-Pro-de-Benoit.local with PID 27572 (/Users/lfranceschini/IdeaProjects/MPeople/target/classes started by lfranceschini in /Users/lfranceschini/IdeaProjects/MPeople)
2017-03-29_18:42:28.421 [main] INFO  com.micropole.mpeople.MainLauncher - No active profile set, falling back to default profiles: default
2017-03-29_18:52:32.617 [main] INFO  com.micropole.mpeople.MainLauncher - Starting MainLauncher on MacBook-Pro-de-Benoit.local with PID 27619 (/Users/lfranceschini/IdeaProjects/MPeople/target/classes started by lfranceschini in /Users/lfranceschini/IdeaProjects/MPeople)
2017-03-29_18:52:32.621 [main] INFO  com.micropole.mpeople.MainLauncher - No active profile set, falling back to default profiles: default
2017-03-29_18:52:40.305 [main] INFO  com.micropole.mpeople.MainLauncher - Started MainLauncher in 8.32 seconds (JVM running for 12.444)
2017-03-29_18:53:18.200 [main] INFO  com.micropole.mpeople.MainLauncher - Starting MainLauncher on MacBook-Pro-de-Benoit.local with PID 27633 (/Users/lfranceschini/IdeaProjects/MPeople/target/classes started by lfranceschini in /Users/lfranceschini/IdeaProjects/MPeople)
2017-03-29_18:53:18.203 [main] INFO  com.micropole.mpeople.MainLauncher - No active profile set, falling back to default profiles: default
2017-03-29_18:53:25.278 [main] INFO  com.micropole.mpeople.MainLauncher - Started MainLauncher in 7.406 seconds (JVM running for 10.967)
2017-03-29_18:54:45.479 [main] INFO  com.micropole.mpeople.MainLauncher - Starting MainLauncher on MacBook-Pro-de-Benoit.local with PID 27649 (/Users/lfranceschini/IdeaProjects/MPeople/target/classes started by lfranceschini in /Users/lfranceschini/IdeaProjects/MPeople)
2017-03-29_18:54:45.483 [main] INFO  com.micropole.mpeople.MainLauncher - No active profile set, falling back to default profiles: default
2017-03-29_18:54:52.607 [main] INFO  com.micropole.mpeople.MainLauncher - Started MainLauncher in 7.679 seconds (JVM running for 11.263)
2017-03-29_19:02:35.240 [main] INFO  com.micropole.mpeople.MainLauncher - Starting MainLauncher on MacBook-Pro-de-Benoit.local with PID 27689 (/Users/lfranceschini/IdeaProjects/MPeople/target/classes started by lfranceschini in /Users/lfranceschini/IdeaProjects/MPeople)
2017-03-29_19:02:35.242 [main] INFO  com.micropole.mpeople.MainLauncher - No active profile set, falling back to default profiles: default
2017-03-29_19:02:50.413 [main] INFO  com.micropole.mpeople.MainLauncher - Started MainLauncher in 15.879 seconds (JVM running for 19.483)
2017-03-29_19:08:15.946 [main] INFO  com.micropole.mpeople.MainLauncher - Starting MainLauncher on MBP-de-Benoit with PID 27987 (/Users/lfranceschini/IdeaProjects/MPeople/target/classes started by lfranceschini in /Users/lfranceschini/IdeaProjects/MPeople)
2017-03-29_19:08:15.954 [main] INFO  com.micropole.mpeople.MainLauncher - No active profile set, falling back to default profiles: default
2017-03-29_19:08:28.757 [main] INFO  com.micropole.mpeople.MainLauncher - Started MainLauncher in 13.632 seconds (JVM running for 17.978)
2017-03-29_20:13:47.903 [main] INFO  c.m.m.service.test.ClientServiceTest - Starting ClientServiceTest on MacBook-Pro-de-Benoit.local with PID 28252 (started by lfranceschini in /Users/lfranceschini/IdeaProjects/MPeople)
2017-03-29_20:13:47.904 [main] INFO  c.m.m.service.test.ClientServiceTest - No active profile set, falling back to default profiles: default
2017-03-29_20:39:17.161 [main] INFO  com.micropole.mpeople.MainLauncher - Starting MainLauncher on MBP-de-Benoit with PID 28353 (/Users/lfranceschini/IdeaProjects/MPeople/target/classes started by lfranceschini in /Users/lfranceschini/IdeaProjects/MPeople)
2017-03-29_20:39:17.162 [main] INFO  com.micropole.mpeople.MainLauncher - No active profile set, falling back to default profiles: default
2017-03-29_20:39:27.831 [main] INFO  com.micropole.mpeople.MainLauncher - Started MainLauncher in 11.288 seconds (JVM running for 16.262)
2017-03-29_20:44:44.369 [main] INFO  com.micropole.mpeople.MainLauncher - Starting MainLauncher on MBP-de-Benoit with PID 28409 (/Users/lfranceschini/IdeaProjects/MPeople/target/classes started by lfranceschini in /Users/lfranceschini/IdeaProjects/MPeople)
2017-03-29_20:44:44.371 [main] INFO  com.micropole.mpeople.MainLauncher - No active profile set, falling back to default profiles: default
2017-03-29_20:45:22.808 [main] INFO  com.micropole.mpeople.MainLauncher - Started MainLauncher in 38.737 seconds (JVM running for 42.213)
2017-03-29_20:57:39.715 [main] INFO  com.micropole.mpeople.MainLauncher - Starting MainLauncher on MacBook-Pro-de-Benoit.local with PID 28507 (/Users/lfranceschini/IdeaProjects/MPeople/target/classes started by lfranceschini in /Users/lfranceschini/IdeaProjects/MPeople)
2017-03-29_20:57:39.717 [main] INFO  com.micropole.mpeople.MainLauncher - No active profile set, falling back to default profiles: default
2017-03-29_20:57:50.887 [main] INFO  com.micropole.mpeople.MainLauncher - Started MainLauncher in 11.72 seconds (JVM running for 16.176)
2017-03-29_21:06:23.744 [main] INFO  com.micropole.mpeople.MainLauncher - Starting MainLauncher on MBP-de-Benoit with PID 28584 (/Users/lfranceschini/IdeaProjects/MPeople/target/classes started by lfranceschini in /Users/lfranceschini/IdeaProjects/MPeople)
2017-03-29_21:06:23.749 [main] INFO  com.micropole.mpeople.MainLauncher - No active profile set, falling back to default profiles: default
2017-03-29_21:06:37.747 [main] INFO  com.micropole.mpeople.MainLauncher - Started MainLauncher in 44.588 seconds (JVM running for 48.127)
2017-03-29_21:08:26.895 [main] INFO  com.micropole.mpeople.MainLauncher - Starting MainLauncher on MBP-de-Benoit with PID 28610 (/Users/lfranceschini/IdeaProjects/MPeople/target/classes started by lfranceschini in /Users/lfranceschini/IdeaProjects/MPeople)
2017-03-29_21:08:26.896 [main] INFO  com.micropole.mpeople.MainLauncher - No active profile set, falling back to default profiles: default
2017-03-29_21:08:41.656 [main] INFO  com.micropole.mpeople.MainLauncher - Started MainLauncher in 15.181 seconds (JVM running for 19.642)
